build/app/outputs/mapping/release/seeds.txt
androidx.window.layout.SidecarWindowBackend: java.util.concurrent.locks.ReentrantLock access$getGlobalLock$cp()
androidx.core.view.WindowInsetsCompat$Impl: androidx.core.graphics.Insets getStableInsets()
androidx.window.layout.SidecarCompat$FirstAttachAdapter: void onViewAttachedToWindow(android.view.View)
androidx.core.view.WindowInsetsCompat$BuilderImpl: WindowInsetsCompat$BuilderImpl(androidx.core.view.WindowInsetsCompat)
io.flutter.embedding.engine.FlutterJNI: io.flutter.view.FlutterCallbackInformation nativeLookupCallbackInformation(long)
androidx.window.core.Version$Companion: Version$Companion(kotlin.jvm.internal.DefaultConstructorMarker)
androidx.core.view.WindowInsetsCompat$Impl21: boolean isConsumed()
io.flutter.embedding.engine.systemchannels.PlatformChannel$SystemUiMode: io.flutter.embedding.engine.systemchannels.PlatformChannel$SystemUiMode[] values()
androidx.window.layout.SidecarWindowBackend: boolean isActivityRegistered(android.app.Activity)
kotlinx.coroutines.android.AndroidExceptionPreHandler: void handleException(kotlin.coroutines.CoroutineContext,java.lang.Throwable)
io.flutter.plugin.editing.ImeSyncDeferringInsetsCallback$AnimationCallback: android.view.WindowInsets onProgress(android.view.WindowInsets,java.util.List)
kotlinx.coroutines.scheduling.CoroutineScheduler$WorkerState: kotlinx.coroutines.scheduling.CoroutineScheduler$WorkerState valueOf(java.lang.String)
androidx.window.embedding.ActivityFilter: int hashCode()
androidx.window.embedding.ActivityRule: ActivityRule(java.util.Set,boolean,int,kotlin.jvm.internal.DefaultConstructorMarker)
androidx.core.view.WindowInsetsCompat$BuilderImpl29: void setTappableElementInsets(androidx.core.graphics.Insets)
androidx.window.embedding.EmptyEmbeddingComponent: void setSplitInfoCallback(java.util.function.Consumer)
io.flutter.plugin.editing.ImeSyncDeferringInsetsCallback: boolean access$102(io.flutter.plugin.editing.ImeSyncDeferringInsetsCallback,boolean)
androidx.window.layout.DisplayCompatHelperApi28: int safeInsetBottom(android.view.DisplayCutout)
androidx.core.graphics.drawable.IconCompatParcelizer: androidx.core.graphics.drawable.IconCompat read(androidx.versionedparcelable.VersionedParcel)
io.flutter.embedding.engine.FlutterJNI: void nativeInvokePlatformMessageResponseCallback(long,int,java.nio.ByteBuffer,int)
io.flutter.embedding.engine.systemchannels.PlatformChannel$SystemUiOverlay: io.flutter.embedding.engine.systemchannels.PlatformChannel$SystemUiOverlay valueOf(java.lang.String)
io.flutter.embedding.engine.renderer.SurfaceTextureWrapper: SurfaceTextureWrapper(android.graphics.SurfaceTexture,java.lang.Runnable)
kotlinx.coroutines.scheduling.CoroutineScheduler$WorkerState: kotlinx.coroutines.scheduling.CoroutineScheduler$WorkerState[] values()
androidx.window.java.layout.WindowInfoTrackerCallbackAdapter: void addWindowLayoutInfoListener(android.app.Activity,java.util.concurrent.Executor,androidx.core.util.Consumer)
io.flutter.embedding.engine.FlutterJNI: void destroyOverlaySurfaces()
android.support.v4.app.RemoteActionCompatParcelizer: void write(androidx.core.app.RemoteActionCompat,androidx.versionedparcelable.VersionedParcel)
androidx.window.layout.SidecarWindowBackend: SidecarWindowBackend(androidx.window.layout.ExtensionInterfaceCompat)
androidx.window.core.Version: int getPatch()
androidx.window.layout.WindowMetricsCalculator$Companion$decorator$1: WindowMetricsCalculator$Companion$decorator$1()
androidx.window.embedding.SplitInfo: int hashCode()
androidx.window.embedding.ActivityStack: java.lang.String toString()
kotlin.jvm.internal.FunctionReference: kotlin.reflect.KCallable computeReflected()
io.flutter.embedding.engine.mutatorsstack.FlutterMutatorsStack: FlutterMutatorsStack()
androidx.window.embedding.EmbeddingCompat: void setSplitRules(java.util.Set)
androidx.core.graphics.drawable.IconCompatParcelizer: IconCompatParcelizer()
android.support.v4.graphics.drawable.IconCompatParcelizer: IconCompatParcelizer()