build/app/outputs/mapping/release/mapping.txt
# compiler: R8
# compiler_version: 3.3.70
# min_api: 19
# common_typos_disable
# {"id":"com.android.tools.r8.mapping","version":"2.0"}
# pg_map_id: 449f1e1
# pg_map_hash: SHA-256 449f1e16c42cb007d02c4adda4be97b0df43d7bf67d75926837eeebc97f73c60
...
io.flutter.view.TextureRegistry$OnFrameConsumedListener -> io.flutter.view.TextureRegistry$a:
    void onFrameConsumed() -> a
io.flutter.view.TextureRegistry$OnTrimMemoryListener -> io.flutter.view.TextureRegistry$b:
io.flutter.view.TextureRegistry$SurfaceTextureEntry -> io.flutter.view.TextureRegistry$c:
    void setOnTrimMemoryListener(io.flutter.view.TextureRegistry$OnTrimMemoryListener) -> a
    void setOnFrameConsumedListener(io.flutter.view.TextureRegistry$OnFrameConsumedListener) -> b
    android.graphics.SurfaceTexture surfaceTexture() -> c
io.flutter.view.VsyncWaiter -> io.flutter.view.y:
    io.flutter.view.VsyncWaiter$DisplayListener listener -> f
    io.flutter.embedding.engine.FlutterJNI flutterJNI -> b
    io.flutter.view.VsyncWaiter instance -> e
    io.flutter.view.VsyncWaiter$FrameCallback frameCallback -> c
    long refreshPeriodNanos -> a
    io.flutter.embedding.engine.FlutterJNI$AsyncWaitForVsyncDelegate asyncWaitForVsyncDelegate -> d
    long access$000(io.flutter.view.VsyncWaiter) -> a
    long access$002(io.flutter.view.VsyncWaiter,long) -> b
    io.flutter.embedding.engine.FlutterJNI access$100(io.flutter.view.VsyncWaiter) -> c
    io.flutter.view.VsyncWaiter$FrameCallback access$200(io.flutter.view.VsyncWaiter) -> d
    io.flutter.view.VsyncWaiter$FrameCallback access$202(io.flutter.view.VsyncWaiter,io.flutter.view.VsyncWaiter$FrameCallback) -> e
    io.flutter.view.VsyncWaiter getInstance(android.hardware.display.DisplayManager,io.flutter.embedding.engine.FlutterJNI) -> f
    void init() -> g
io.flutter.view.VsyncWaiter$1 -> io.flutter.view.y$a:
    io.flutter.view.VsyncWaiter this$0 -> a
    void asyncWaitForVsync(long) -> a
    android.view.Choreographer$FrameCallback obtainFrameCallback(long) -> b
io.flutter.view.VsyncWaiter$DisplayListener -> io.flutter.view.y$b:
    android.hardware.display.DisplayManager displayManager -> a
    io.flutter.view.VsyncWaiter this$0 -> b
    void register() -> a
io.flutter.view.VsyncWaiter$FrameCallback -> io.flutter.view.y$c:
    long cookie -> a
    io.flutter.view.VsyncWaiter this$0 -> b
    long access$302(io.flutter.view.VsyncWaiter$FrameCallback,long) -> a
kotlin.ExceptionsKt -> e0.a:
    void addSuppressed(java.lang.Throwable,java.lang.Throwable) -> a
      # {"id":"com.android.tools.r8.synthesized"}
kotlin.ExceptionsKt__ExceptionsKt -> e0.b:
    void addSuppressed(java.lang.Throwable,java.lang.Throwable) -> a
kotlin.Function -> e0.c:
kotlin.KotlinNothingValueException -> e0.d:
kotlin.Lazy -> e0.e:
kotlin.LazyKt -> e0.f:
    kotlin.Lazy lazy(kotlin.jvm.functions.Function0) -> a
      # {"id":"com.android.tools.r8.synthesized"}
kotlin.LazyKt__LazyJVMKt -> e0.g:
    kotlin.Lazy lazy(kotlin.jvm.functions.Function0) -> a
kotlin.LazyKt__LazyKt -> e0.h:
kotlin.NoWhenBranchMatchedException -> e0.i:
kotlin.Pair -> e0.j:
    java.lang.Object first -> d
    java.lang.Object second -> e
    java.lang.Object component1() -> a
    java.lang.Object component2() -> b
    java.lang.Object getFirst() -> c
    java.lang.Object getSecond() -> d
kotlin.Result -> e0.k:
    kotlin.Result$Companion Companion -> d
    java.lang.Object constructor-impl(java.lang.Object) -> a
    java.lang.Throwable exceptionOrNull-impl(java.lang.Object) -> b
    boolean isFailure-impl(java.lang.Object) -> c
    boolean isSuccess-impl(java.lang.Object) -> d
kotlin.Result$Companion -> e0.k$a:
kotlin.Result$Failure -> e0.k$b:
    java.lang.Throwable exception -> d
kotlin.ResultKt -> e0.l:
    java.lang.Object createFailure(java.lang.Throwable) -> a
    void throwOnFailure(java.lang.Object) -> b
kotlin.SynchronizedLazyImpl -> e0.m:
    kotlin.jvm.functions.Function0 initializer -> d
    java.lang.Object lock -> f
    java.lang.Object _value -> e
    boolean isInitialized() -> a
kotlin.TuplesKt -> e0.n:
    kotlin.Pair to(java.lang.Object,java.lang.Object) -> a
kotlin.UNINITIALIZED_VALUE -> e0.o:
    kotlin.UNINITIALIZED_VALUE INSTANCE -> a
kotlin.UninitializedPropertyAccessException -> e0.p: