build/app/outputs/mapping/release/usage.txt
kotlinx.coroutines.AbstractTimeSource:
    public void <init>()
    public abstract long currentTimeMillis()
kotlinx.coroutines.AbstractTimeSourceKt:
    private static final long currentTimeMillis()
    private static final long nanoTime()
    private static final void parkNanos(java.lang.Object,long)
    private static final void registerTimeLoopThread()
    public static final void setTimeSource(kotlinx.coroutines.AbstractTimeSource)
    private static final void trackTask()
    private static final void unTrackTask()
    private static final void unpark(java.lang.Thread)
    private static final void unregisterTimeLoopThread()
    private static final java.lang.Runnable wrapTask(java.lang.Runnable)
kotlinx.coroutines.AwaitAll$AwaitAllNode
kotlinx.coroutines.AwaitAll$DisposeHandlersOnCancel
kotlinx.coroutines.AwaitAll
kotlinx.coroutines.AwaitKt$joinAll$1
kotlinx.coroutines.AwaitKt$joinAll$3
kotlinx.coroutines.AwaitKt
kotlinx.coroutines.BlockingCoroutine
kotlinx.coroutines.BuildersKt:
    public static final kotlinx.coroutines.Deferred async(kotlinx.coroutines.CoroutineScope,kotlin.coroutines.CoroutineContext,kotlinx.coroutines.CoroutineStart,kotlin.jvm.functions.Function2)
    public static synthetic kotlinx.coroutines.Deferred async$default(kotlinx.coroutines.CoroutineScope,kotlin.coroutines.CoroutineContext,kotlinx.coroutines.CoroutineStart,kotlin.jvm.functions.Function2,int,java.lang.Object)
    public static final java.lang.Object invoke(kotlinx.coroutines.CoroutineDispatcher,kotlin.jvm.functions.Function2,kotlin.coroutines.Continuation)
    public static final java.lang.Object runBlocking(kotlin.coroutines.CoroutineContext,kotlin.jvm.functions.Function2)
    public static synthetic java.lang.Object runBlocking$default(kotlin.coroutines.CoroutineContext,kotlin.jvm.functions.Function2,int,java.lang.Object)
    public static final java.lang.Object withContext(kotlin.coroutines.CoroutineContext,kotlin.jvm.functions.Function2,kotlin.coroutines.Continuation)
kotlinx.coroutines.BuildersKt__BuildersKt
kotlinx.coroutines.BuildersKt__Builders_commonKt:
    private static final int RESUMED
    private static final int SUSPENDED
    private static final int UNDECIDED
    public static final kotlinx.coroutines.Deferred async(kotlinx.coroutines.CoroutineScope,kotlin.coroutines.CoroutineContext,kotlinx.coroutines.CoroutineStart,kotlin.jvm.functions.Function2)
    public static synthetic kotlinx.coroutines.Deferred async$default(kotlinx.coroutines.CoroutineScope,kotlin.coroutines.CoroutineContext,kotlinx.coroutines.CoroutineStart,kotlin.jvm.functions.Function2,int,java.lang.Object)
    public static final java.lang.Object invoke(kotlinx.coroutines.CoroutineDispatcher,kotlin.jvm.functions.Function2,kotlin.coroutines.Continuation)
    private static final java.lang.Object invoke$$forInline(kotlinx.coroutines.CoroutineDispatcher,kotlin.jvm.functions.Function2,kotlin.coroutines.Continuation)
    public static final java.lang.Object withContext(kotlin.coroutines.CoroutineContext,kotlin.jvm.functions.Function2,kotlin.coroutines.Continuation)
kotlinx.coroutines.CancelFutureOnCancel
kotlinx.coroutines.CancelFutureOnCompletion
kotlinx.coroutines.CancellableContinuation$DefaultImpls:
    public static synthetic boolean cancel$default(kotlinx.coroutines.CancellableContinuation,java.lang.Throwable,int,java.lang.Object)
kotlinx.coroutines.CancellableContinuation:
    public abstract boolean cancel(java.lang.Throwable)
    public abstract void initCancellability()
    public abstract boolean isActive()
    public abstract boolean isCancelled()
    public abstract boolean isCompleted()
    public abstract void resumeUndispatched(kotlinx.coroutines.CoroutineDispatcher,java.lang.Object)
    public abstract void resumeUndispatchedWithException(kotlinx.coroutines.CoroutineDispatcher,java.lang.Throwable)